[jayneiltech.local/index.html]
[backblue.gif]
[fade.gif]
[index.html]
[jayneiltech.local/wp-content/themes/astra/assets/css/minified/main.mind4c6.css]
[jayneiltech.local/feed/index.html]
[jayneiltech.local/wp-content/plugins/header-footer-elementor/inc/widgets-css/frontenda305.css]
[jayneiltech.local/wp-content/plugins/header-footer-elementor/assets/css/header-footer-elementora305.css]
[jayneiltech.local/comments/feed/index.html]
[jayneiltech.local/wp-content/plugins/elementor/assets/css/frontend.min415f.css]
[jayneiltech.local/wp-content/uploads/elementor/css/post-60186.css]
[jayneiltech.local/wp-content/plugins/elementor/assets/css/widget-heading.min415f.css]
[jayneiltech.local/wp-content/plugins/elementor/assets/lib/animations/styles/fadeInDown.min415f.css]
[jayneiltech.local/wp-content/plugins/elementor/assets/lib/animations/styles/e-animation-grow.min415f.css]
[jayneiltech.local/wp-content/plugins/elementor/assets/css/widget-image.min415f.css]
[jayneiltech.local/wp-content/plugins/elementor/assets/css/widget-icon-box.min415f.css]
[jayneiltech.local/wp-content/plugins/elementor/assets/css/widget-image-box.min415f.css]
[jayneiltech.local/wp-content/uploads/elementor/css/post-22d0a1.css]
[jayneiltech.local/wp-content/uploads/elementor/css/post-3562103.css]
[jayneiltech.local/wp-content/uploads/elementor/css/post-390b6f.css]
[jayneiltech.local/wp-content/plugins/elementor/assets/lib/eicons/css/elementor-icons.min705c.css]
[jayneiltech.local/wp-content/plugins/elementor/assets/css/widget-icon-list.min44b4.css]
[jayneiltech.local/wp-content/plugins/elementor/assets/css/widget-social-icons.min2401.css]
[jayneiltech.local/wp-content/plugins/elementor/assets/lib/font-awesome/css/brands52d5.css]
[jayneiltech.local/wp-content/plugins/elementor/assets/lib/font-awesome/css/fontawesome52d5.css]
[jayneiltech.local/wp-content/plugins/elementor/assets/lib/font-awesome/css/solid52d5.css]
[jayneiltech.local/wp-content/uploads/elementor/google-fonts/css/robotocdc2.css]
[jayneiltech.local/wp-content/uploads/elementor/google-fonts/css/robotoslab9ac8.css]
[jayneiltech.local/wp-includes/js/jquery/jquery.minf43b.js]
[jayneiltech.local/wp-includes/js/jquery/jquery-migrate.min5589.js]
[jayneiltech.local/xmlrpc0db0.php]
[jayneiltech.local/wp-json/oembed/1.0/embed66fd.json]
[jayneiltech.local/wp-content/uploads/2025/07/jayneil_logo_favicon.jpg]
[jayneiltech.local/wp-json/oembed/1.0/embedb2d4]
[jayneiltech.local/wp-json/index.html]
[jayneiltech.local/wp-content/uploads/2025/07/logo_home_4_resized.jpg]
[jayneiltech.local/wp-content/uploads/2025/07/processtech_header_smaller.jpg]
[jayneiltech.local/wp-content/uploads/2025/07/projectengg_header_smaller.jpg]
[jayneiltech.local/wp-content/uploads/2025/07/audits_header_smaller.jpg]
[jayneiltech.local/contact_us/index.html]
[jayneiltech.local/wp-content/themes/astra/assets/js/minified/frontend.mind4c6.js]
[jayneiltech.local/our-clients/index.html]
[jayneiltech.local/wp-content/plugins/elementor/assets/js/webpack.runtime.min415f.js]
[jayneiltech.local/gmp-bulletins/index.html]
[jayneiltech.local/wp-content/plugins/elementor/assets/js/frontend-modules.min415f.js]
[jayneiltech.local/jayneil-bulletins/index.html]
[jayneiltech.local/jayneil-brochure/index.html]
[jayneiltech.local/wp-content/plugins/elementor/assets/js/frontend.min415f.js]
[jayneiltech.local/process-technology/index.html]
[jayneiltech.local/index.html]
[jayneiltech.local/wp-content/plugins/header-footer-elementor/inc/js/frontenda305.js]
[jayneiltech.local/wp-content/themes/astra/assets/css/minified/main.mind4c6.css]
[jayneiltech.local/project-engineering/index.html]
[jayneiltech.local/wp-content/plugins/header-footer-elementor/inc/widgets-css/frontenda305.css]
[jayneiltech.local/audits-and-technical-training/index.html]
[jayneiltech.local/validation-and-documentation-services/index.html]
[jayneiltech.local/wp-content/plugins/header-footer-elementor/assets/css/header-footer-elementora305.css]
[jayneiltech.local/projects-pharma/index.html]
[jayneiltech.local/wp-content/plugins/elementor/assets/css/frontend.min415f.css]
[jayneiltech.local/projects-cosmetics/index.html]
[jayneiltech.local/wp-content/uploads/elementor/css/post-60186.css]
[jayneiltech.local/wp-content/plugins/elementor/assets/css/widget-heading.min415f.css]
[jayneiltech.local/wp-content/plugins/elementor/assets/lib/animations/styles/fadeInDown.min415f.css]
[jayneiltech.local/wp-content/plugins/elementor/assets/lib/animations/styles/e-animation-grow.min415f.css]
[jayneiltech.local/wp-content/plugins/elementor/assets/css/widget-image.min415f.css]
[jayneiltech.local/wp-content/plugins/elementor/assets/css/widget-icon-box.min415f.css]
[jayneiltech.local/wp-content/plugins/elementor/assets/css/widget-image-box.min415f.css]
[jayneiltech.local/projects-laboratory/index.html]
[jayneiltech.local/projects-api/index.html]
[jayneiltech.local/wp-content/uploads/2025/07/homepage_collage.jpg]
[jayneiltech.local/projects-others/index.html]
[jayneiltech.local/wp-content/uploads/elementor/css/post-22d0a1.css]
[jayneiltech.local/wp-content/uploads/elementor/css/post-3562103.css]
[jayneiltech.local/wp-content/uploads/elementor/css/post-390b6f.css]
[jayneiltech.local/wp-content/plugins/elementor/assets/lib/eicons/fonts/eicons4518.woff2]
[jayneiltech.local/wp-content/plugins/elementor/assets/lib/eicons/fonts/eicons4518.woff]
[jayneiltech.local/wp-content/plugins/elementor/assets/lib/eicons/fonts/eicons4518.ttf]
[jayneiltech.local/wp-content/plugins/elementor/assets/lib/eicons/fonts/eicons4518.svg]
[jayneiltech.local/wp-content/plugins/elementor/assets/lib/eicons/css/elementor-icons.min705c.css]
[jayneiltech.local/wp-content/plugins/elementor/assets/css/widget-icon-list.min44b4.css]
[jayneiltech.local/wp-content/plugins/elementor/assets/css/widget-social-icons.min2401.css]
[jayneiltech.local/wp-content/plugins/elementor/assets/lib/font-awesome/webfonts/fa-brands-400.woff2]
[jayneiltech.local/wp-content/plugins/elementor/assets/lib/font-awesome/webfonts/fa-brands-400.ttf]
[jayneiltech.local/wp-content/plugins/elementor/assets/lib/font-awesome/webfonts/fa-brands-400d41d.eot]
[jayneiltech.local/wp-content/plugins/elementor/assets/lib/font-awesome/css/brands52d5.css]
[jayneiltech.local/wp-content/plugins/elementor/assets/lib/font-awesome/css/fontawesome52d5.css]
[jayneiltech.local/wp-content/plugins/elementor/assets/lib/font-awesome/webfonts/fa-brands-400.svg]
[jayneiltech.local/wp-content/plugins/elementor/assets/lib/font-awesome/webfonts/fa-solid-900.woff]
[jayneiltech.local/wp-content/plugins/elementor/assets/lib/font-awesome/webfonts/fa-solid-900.eot]
[jayneiltech.local/wp-content/plugins/elementor/assets/lib/font-awesome/webfonts/fa-solid-900.ttf]
[jayneiltech.local/wp-content/plugins/elementor/assets/lib/font-awesome/css/solid52d5.css]
[jayneiltech.local/wp-content/uploads/elementor/google-fonts/fonts/roboto-kfo5cnqeu92fr1mu53zec9_vu3r1gihoszmkc3kawzu.woff2]
[jayneiltech.local/wp-content/plugins/elementor/assets/lib/font-awesome/webfonts/fa-solid-900d41d.eot]
[jayneiltech.local/wp-content/uploads/elementor/google-fonts/fonts/roboto-kfo5cnqeu92fr1mu53zec9_vu3r1gihoszmkankawzu.woff2]
[jayneiltech.local/wp-content/plugins/elementor/assets/lib/font-awesome/webfonts/fa-solid-900.svg]
[jayneiltech.local/wp-content/uploads/elementor/google-fonts/fonts/roboto-kfo5cnqeu92fr1mu53zec9_vu3r1gihoszmkbxkawzu.woff2]
[jayneiltech.local/wp-content/uploads/elementor/google-fonts/fonts/roboto-kfo5cnqeu92fr1mu53zec9_vu3r1gihoszmkahkawzu.woff2]
[jayneiltech.local/wp-content/uploads/elementor/google-fonts/fonts/roboto-kfo5cnqeu92fr1mu53zec9_vu3r1gihoszmkchkawzu.woff2]
[jayneiltech.local/wp-content/uploads/elementor/google-fonts/fonts/roboto-kfo7cnqeu92fr1me7ksn66agldtyluama3gubgee.woff2]
[jayneiltech.local/wp-content/uploads/elementor/google-fonts/fonts/roboto-kfo7cnqeu92fr1me7ksn66agldtyluama3cubgee.woff2]
[jayneiltech.local/wp-content/uploads/elementor/google-fonts/fonts/roboto-kfo7cnqeu92fr1me7ksn66agldtyluama3-ubgee.woff2]
[jayneiltech.local/wp-content/uploads/elementor/google-fonts/fonts/roboto-kfo7cnqeu92fr1me7ksn66agldtyluamaxkubgee.woff2]
[jayneiltech.local/wp-content/uploads/elementor/google-fonts/fonts/roboto-kfo7cnqeu92fr1me7ksn66agldtyluama3oubgee.woff2]
[jayneiltech.local/wp-content/uploads/elementor/google-fonts/fonts/roboto-kfo7cnqeu92fr1me7ksn66agldtyluama3yuba.woff2]
[jayneiltech.local/wp-content/uploads/elementor/google-fonts/css/robotocdc2.css]
[jayneiltech.local/wp-content/uploads/elementor/google-fonts/fonts/robotoslab-bngmuxzytxpivibgjjsb6ufj5qw54a.woff2]
[jayneiltech.local/wp-content/uploads/elementor/google-fonts/fonts/robotoslab-bngmuxzytxpivibgjjsb6ufb5qw54a.woff2]
[jayneiltech.local/wp-content/uploads/elementor/google-fonts/fonts/robotoslab-bngmuxzytxpivibgjjsb6ufo5qw54a.woff2]
[jayneiltech.local/wp-content/uploads/elementor/google-fonts/fonts/robotoslab-bngmuxzytxpivibgjjsb6ufd5qw54a.woff2]
[jayneiltech.local/wp-content/uploads/elementor/google-fonts/css/robotoslab9ac8.css]
[jayneiltech.local/wp-includes/js/jquery/jquery.minf43b.js]
[jayneiltech.local/wp-includes/js/jquery/jquery-migrate.min5589.js]
[jayneiltech.local/associates/index.html]
[jayneiltech.local/wp-json/wp/v2/pages/22]
[jayneiltech.local/wp-content/plugins/elementor/assets/css/widget-divider.min415f.css]
[jayneiltech.local/wp-content/plugins/elementor/assets/css/widget-icon-list.min415f.css]
[jayneiltech.local/wp-content/uploads/elementor/css/post-79225a.css]
[jayneiltech.local/wp-json/oembed/1.0/embed226e.json]
[jayneiltech.local/contact_us/index.html]
[jayneiltech.local/wp-json/oembed/1.0/embedd77e]
[jayneiltech.local/wp-content/plugins/elementor/assets/lib/animations/styles/fadeIn.min415f.css]
[jayneiltech.local/wp-content/plugins/elementor/assets/css/widget-counter.min415f.css]
[jayneiltech.local/wp-content/uploads/elementor/css/post-89972b.css]
[jayneiltech.local/wp-json/wp/v2/pages/89.json]
[jayneiltech.local/wp-json/oembed/1.0/embed87d7.json]
[jayneiltech.local/wp-json/oembed/1.0/embed0ee0]
[jayneiltech.local/our-clients/index.html]
[jayneiltech.local/wp-content/plugins/elementor/assets/lib/jquery-numerator/jquery-numerator.min3958.js]
[jayneiltech.local/wp-content/uploads/elementor/css/post-1449379.css]
[jayneiltech.local/wp-json/wp/v2/pages/144.json]
[jayneiltech.local/wp-json/oembed/1.0/embedf02a.json]
[jayneiltech.local/wp-json/oembed/1.0/embeda5cb]
[jayneiltech.local/wp-content/uploads/2025/07/image004.gif]
[jayneiltech.local/wp-content/uploads/2025/07/image002.gif]
[jayneiltech.local/wp-content/uploads/2025/07/image001.gif]
[jayneiltech.local/wp-content/uploads/2025/07/image003.gif]
[jayneiltech.local/wp-content/uploads/2025/07/newsclip.jpg]
[jayneiltech.local/wp-content/uploads/2025/07/cosmetics_GMP_flash1.jpg]
[jayneiltech.local/gmp-bulletins/index.html]
[jayneiltech.local/wp-content/plugins/elementor/assets/lib/animations/styles/flash.min415f.css]
[jayneiltech.local/wp-content/plugins/elementor/assets/lib/swiper/v8/css/swiper.min94a4.css]
[jayneiltech.local/wp-content/plugins/elementor/assets/css/conditionals/e-swiper.min415f.css]
[jayneiltech.local/wp-content/plugins/elementor/assets/css/widget-image-carousel.min415f.css]
[jayneiltech.local/wp-content/uploads/elementor/css/post-988692.css]
[jayneiltech.local/wp-json/oembed/1.0/embed16e4.json]
[jayneiltech.local/wp-json/wp/v2/pages/98.json]
[jayneiltech.local/wp-json/oembed/1.0/embed092a]
[jayneiltech.local/wp-content/uploads/2025/09/pic_blank.jpg]
[jayneiltech.local/wp-content/uploads/2025/07/Picture1.jpg]
[jayneiltech.local/wp-content/uploads/2025/09/pic_blank-1.jpg]
[jayneiltech.local/wp-content/uploads/2025/07/pant2.jpg]
[jayneiltech.local/wp-content/uploads/2025/07/pant3.jpg]
[jayneiltech.local/wp-content/uploads/2025/07/pant5.jpg]
[jayneiltech.local/wp-content/uploads/2025/07/pant7.jpg]
[jayneiltech.local/wp-content/uploads/2025/07/pant8.jpg]
[jayneiltech.local/wp-content/uploads/2025/07/cord2.jpg]
[jayneiltech.local/wp-content/uploads/2025/07/cord6.jpg]
[jayneiltech.local/wp-content/uploads/2025/07/cord4.jpg]
[jayneiltech.local/wp-content/uploads/2025/07/cord8.jpg]
[jayneiltech.local/wp-content/uploads/2025/07/02_3d_phase1.jpg]
[jayneiltech.local/wp-content/uploads/2025/07/01_3d_phase3.jpg]
[jayneiltech.local/wp-content/uploads/2025/07/08_emceepic5.jpg]
[jayneiltech.local/wp-content/uploads/2025/07/07_emceepic4.jpg]
[jayneiltech.local/wp-content/uploads/2025/07/05_emceepic2.jpg]
[jayneiltech.local/wp-content/plugins/elementor/assets/lib/swiper/v8/swiper.min94a4.js]
[jayneiltech.local/jayneil-bulletins/index.html]
[jayneiltech.local/wp-content/uploads/elementor/css/post-16394db.css]
[jayneiltech.local/wp-json/wp/v2/pages/163.json]
[jayneiltech.local/wp-json/oembed/1.0/embed3d5a.json]
[jayneiltech.local/wp-json/oembed/1.0/embed5003]
[jayneiltech.local/wp-content/uploads/2025/07/2023_brochure_pg14_copy.jpg]
[jayneiltech.local/wp-content/uploads/2025/07/2017_brochure_pg23_revised-for-website2023-copy.jpg]
[jayneiltech.local/jayneil-brochure/index.html]
[jayneiltech.local/wp-content/uploads/elementor/css/post-1793ed8.css]
[jayneiltech.local/wp-json/wp/v2/pages/179.json]
[jayneiltech.local/wp-json/oembed/1.0/embed5a8d.json]
[jayneiltech.local/wp-json/oembed/1.0/embed03a0]
[jayneiltech.local/wp-content/uploads/2025/07/processtech_header_01.jpg]
[jayneiltech.local/wp-content/uploads/2025/07/01_Picture1_vapi1.jpg]
[jayneiltech.local/wp-content/uploads/2025/07/03_Picture3_vapi1.jpg]
[jayneiltech.local/wp-content/uploads/2025/07/05_Picture1_masat1.jpg]
[jayneiltech.local/process-technology/index.html]
[jayneiltech.local/wp-content/uploads/elementor/css/post-1895d98.css]
[jayneiltech.local/wp-json/wp/v2/pages/189.json]
[jayneiltech.local/wp-json/oembed/1.0/embedfe7f]
[jayneiltech.local/wp-content/uploads/2025/07/projectengg_header_01.jpg]
[jayneiltech.local/wp-content/uploads/2025/07/01_Sample_layout-with-zoning.jpg]
[jayneiltech.local/wp-content/uploads/2025/07/03_sample_ahuspec-212x300.jpg]
[jayneiltech.local/wp-content/uploads/2025/07/05_sample_cpm1.jpg]
[jayneiltech.local/wp-content/uploads/2025/07/08_Sample-3d-ducting.jpg]
[jayneiltech.local/project-engineering/index.html]
[jayneiltech.local/wp-json/wp/v2/pages/213.json]
[jayneiltech.local/wp-json/oembed/1.0/embed90e7.json]
[jayneiltech.local/wp-json/oembed/1.0/embed3041]
[jayneiltech.local/wp-content/uploads/2025/07/cord7-1.jpg]
[jayneiltech.local/wp-content/uploads/2025/07/02_Sample_VMP.jpg]
[jayneiltech.local/wp-content/uploads/2025/07/03a_quality_manual.jpg]
[jayneiltech.local/wp-content/uploads/2025/07/04_Sample_GMPoverview.jpg]
[jayneiltech.local/validation-and-documentation-services/index.html]
[jayneiltech.local/wp-content/uploads/elementor/css/post-220ed0b.css]
[jayneiltech.local/wp-json/wp/v2/pages/220.json]
[jayneiltech.local/wp-content/uploads/2025/07/audits_header_01.jpg]
[jayneiltech.local/wp-json/oembed/1.0/embed3959]
[jayneiltech.local/wp-content/uploads/2025/07/01_IMG_0006.jpg]
[jayneiltech.local/wp-content/uploads/2025/07/03_IMG_0001.jpg]
[jayneiltech.local/wp-content/uploads/2025/07/01_100_0716.jpg]
[jayneiltech.local/wp-content/uploads/2025/07/01_baba_pic3.jpg]
[jayneiltech.local/wp-content/uploads/2025/07/02_baba_pic1_1.jpg]
[jayneiltech.local/wp-content/uploads/2025/07/02_nepal_pic2.jpg]
[jayneiltech.local/audits-and-technical-training/index.html]
[jayneiltech.local/wp-content/uploads/elementor/css/post-246c5cd.css]
[jayneiltech.local/wp-json/wp/v2/pages/246.json]
[jayneiltech.local/wp-json/oembed/1.0/embedc728]
[jayneiltech.local/wp-content/uploads/2025/07/02_ziskahormone_pic1-300x225.jpg]
[jayneiltech.local/wp-content/uploads/2025/07/01_3d_phase3-1-300x225.jpg]
[jayneiltech.local/wp-content/uploads/2025/07/04_pacific_pic5-300x225.jpg]
[jayneiltech.local/projects-pharma/index.html]
[jayneiltech.local/projects-ayush/index.html]
[jayneiltech.local/wp-json/wp/v2/pages/302.json]
[jayneiltech.local/wp-json/oembed/1.0/embed3995.json]
[jayneiltech.local/wp-json/oembed/1.0/embedf991]
[jayneiltech.local/wp-content/uploads/2025/07/01_emamipacharia.jpg]
[jayneiltech.local/wp-content/uploads/2025/07/02_vlcc_pic1.jpg]
[jayneiltech.local/wp-content/uploads/2025/07/03_leaders.jpg]
[jayneiltech.local/projects-cosmetics/index.html]
[jayneiltech.local/wp-content/uploads/elementor/css/post-320901b.css]
[jayneiltech.local/wp-json/wp/v2/pages/320.json]
[jayneiltech.local/wp-json/oembed/1.0/embed55e2.json]
[jayneiltech.local/wp-json/oembed/1.0/embede365]
[jayneiltech.local/wp-content/uploads/2025/07/01_EmamiPant.jpg]
[jayneiltech.local/wp-content/uploads/2025/07/02_tcgAPI_pic01.jpg]
[jayneiltech.local/wp-content/uploads/2025/07/04_emami_CRD_pic1.jpg]
[jayneiltech.local/projects-laboratory/index.html]
[jayneiltech.local/wp-content/uploads/elementor/css/post-333901b.css]
[jayneiltech.local/wp-json/wp/v2/pages/333.json]
[jayneiltech.local/wp-json/oembed/1.0/embeda6a4.json]
[jayneiltech.local/wp-json/oembed/1.0/embed2478]
[jayneiltech.local/wp-content/uploads/2025/07/01_tcg.jpg]
[jayneiltech.local/wp-content/uploads/2025/07/02_ghl.jpg]
[jayneiltech.local/wp-content/uploads/2025/07/04_dabur.jpg]
[jayneiltech.local/projects-api/index.html]
[jayneiltech.local/wp-content/uploads/elementor/css/post-340f56f.css]
[jayneiltech.local/wp-json/wp/v2/pages/340.json]
[jayneiltech.local/wp-json/oembed/1.0/embed3a15.json]
[jayneiltech.local/wp-content/uploads/2025/07/01_cordlife.jpg]
[jayneiltech.local/wp-content/uploads/2025/07/02_ifgl_pic5.jpg]
[jayneiltech.local/wp-content/uploads/2025/07/03_frankross.jpg]
[jayneiltech.local/projects-others/index.html]
[jayneiltech.local/wp-content/uploads/2025/07/validation_services_header_smaller.jpg]
[jayneiltech.local/wp-content/themes/astra/assets/js/minified/frontend.mind4c6.js]
[jayneiltech.local/wp-content/plugins/elementor/assets/js/webpack.runtime.min415f.js]
[jayneiltech.local/wp-content/plugins/elementor/assets/js/frontend-modules.min415f.js]
[jayneiltech.local/wp-content/plugins/elementor/assets/js/frontend.min415f.js]
[jayneiltech.local/OPR/index.html]
[jayneiltech.local/wp-content/plugins/header-footer-elementor/inc/js/frontenda305.js]
[jayneiltech.local/wp-content/uploads/2025/07/Milestone.jpg]
[jayneiltech.local/wp-content/plugins/elementor/assets/lib/eicons/fonts/eicons4518.svg]
[jayneiltech.local/wp-content/plugins/elementor/assets/lib/font-awesome/webfonts/fa-brands-400.woff]
[jayneiltech.local/wp-content/plugins/elementor/assets/lib/font-awesome/webfonts/fa-brands-400.svg]
[jayneiltech.local/wp-content/plugins/elementor/assets/lib/font-awesome/webfonts/fa-solid-900.woff2]
[jayneiltech.local/wp-content/plugins/elementor/assets/lib/font-awesome/webfonts/fa-brands-400.eot]
[jayneiltech.local/wp-content/plugins/elementor/assets/lib/font-awesome/webfonts/fa-solid-900.svg]
[jayneiltech.local/wp-content/uploads/elementor/google-fonts/fonts/roboto-kfo5cnqeu92fr1mu53zec9_vu3r1gihoszmkcnkawzu.woff2]
[jayneiltech.local/wp-content/uploads/elementor/google-fonts/fonts/roboto-kfo5cnqeu92fr1mu53zec9_vu3r1gihoszmkenkawzu.woff2]
[jayneiltech.local/wp-content/plugins/elementor/assets/lib/eicons/fonts/eicons4518.eot]
[jayneiltech.local/wp-content/uploads/elementor/google-fonts/fonts/roboto-kfo5cnqeu92fr1mu53zec9_vu3r1gihoszmkcxkawzu.woff2]
[jayneiltech.local/wp-content/uploads/elementor/google-fonts/fonts/roboto-kfo5cnqeu92fr1mu53zec9_vu3r1gihoszmkbnka.woff2]
[jayneiltech.local/wp-content/uploads/elementor/google-fonts/fonts/roboto-kfo7cnqeu92fr1me7ksn66agldtyluama3iubgee.woff2]
[jayneiltech.local/wp-content/uploads/elementor/google-fonts/fonts/roboto-kfo7cnqeu92fr1me7ksn66agldtyluama3kubgee.woff2]
[jayneiltech.local/wp-content/uploads/elementor/google-fonts/fonts/robotoslab-bngmuxzytxpivibgjjsb6ufc5qw54a.woff2]
[jayneiltech.local/wp-json/wp/v2/pages/70.json]
[jayneiltech.local/wp-json/oembed/1.0/embed2f2f.json]
[jayneiltech.local/wp-json/oembed/1.0/embed14ae]
[jayneiltech.local/wp-content/uploads/2025/07/baba_pic1_2.jpg]
[jayneiltech.local/wp-content/uploads/2025/07/nsg1.jpg]
[jayneiltech.local/wp-content/uploads/2025/07/tie-ups2.jpg]
[jayneiltech.local/associates/index.html]
[jayneiltech.local/wp-content/plugins/elementor/assets/css/widget-divider.min415f.css]
[jayneiltech.local/wp-content/plugins/elementor/assets/css/widget-icon-list.min415f.css]
[jayneiltech.local/wp-content/uploads/elementor/css/post-79225a.css]
[jayneiltech.local/index6ffe.html]
[jayneiltech.local/wp-content/plugins/elementor/assets/lib/animations/styles/fadeIn.min415f.css]
[jayneiltech.local/wp-content/plugins/elementor/assets/css/widget-counter.min415f.css]
[jayneiltech.local/wp-json/wp/v2/pages/79]
[jayneiltech.local/wp-content/uploads/elementor/css/post-89972b.css]
[jayneiltech.local/index3fbb.html]
[jayneiltech.local/wp-content/plugins/elementor/assets/lib/jquery-numerator/jquery-numerator.min3958.js]
[jayneiltech.local/wp-content/uploads/elementor/css/post-1449379.css]
[jayneiltech.local/index421d.html]
[jayneiltech.local/wp-content/plugins/elementor/assets/lib/animations/styles/flash.min415f.css]
[jayneiltech.local/wp-content/plugins/elementor/assets/lib/swiper/v8/css/swiper.min94a4.css]
[jayneiltech.local/wp-content/plugins/elementor/assets/css/conditionals/e-swiper.min415f.css]
[jayneiltech.local/wp-content/plugins/elementor/assets/css/widget-image-carousel.min415f.css]
[jayneiltech.local/wp-content/uploads/elementor/css/post-988692.css]
[jayneiltech.local/indexb6ad.html]
[jayneiltech.local/wp-content/uploads/2025/07/pant4.jpg]
[jayneiltech.local/wp-content/uploads/2025/07/pant1.jpg]
[jayneiltech.local/wp-content/uploads/2025/07/cord1.jpg]
[jayneiltech.local/wp-content/uploads/2025/07/cord3.jpg]
[jayneiltech.local/wp-content/uploads/2025/07/cord7.jpg]
[jayneiltech.local/wp-content/uploads/2025/07/03_3d_phase2.jpg]
[jayneiltech.local/wp-content/uploads/2025/07/06_emceepic3.jpg]
[jayneiltech.local/jayneil-bulletins/l]
[jayneiltech.local/jayneil-bulletins/e]
[jayneiltech.local/jayneil-bulletins/t.params.url]
[jayneiltech.local/wp-content/plugins/elementor/assets/lib/swiper/v8/swiper.min94a4.js]
[jayneiltech.local/wp-content/uploads/elementor/css/post-16394db.css]
[jayneiltech.local/index4034.html]
[jayneiltech.local/wp-content/uploads/elementor/css/post-1793ed8.css]
[jayneiltech.local/indexccf8.html]
[jayneiltech.local/wp-content/uploads/2025/07/02_Picture2_vapi1.jpg]
[jayneiltech.local/wp-content/uploads/2025/07/06_Picture2_masat1.jpg]
[jayneiltech.local/wp-content/uploads/elementor/css/post-1895d98.css]
[jayneiltech.local/indexa80c.html]
[jayneiltech.local/wp-content/uploads/2025/07/02_sample_panel_layout.jpg]
[jayneiltech.local/wp-content/uploads/2025/07/04_sample_rds.jpg]
[jayneiltech.local/wp-content/uploads/elementor/css/post-213e1b9.css]
[jayneiltech.local/indexf3dd.html]
[jayneiltech.local/wp-content/uploads/2025/07/01_Sample_HVACIQ1.jpg]
[jayneiltech.local/wp-content/uploads/2025/07/05_Sample_SMF2.jpg]
[jayneiltech.local/wp-content/uploads/elementor/css/post-220ed0b.css]
[jayneiltech.local/index156c.html]
[jayneiltech.local/wp-content/uploads/2025/07/02_IMG_0003.jpg]
[jayneiltech.local/wp-content/uploads/2025/07/04_IMG_0209.jpg]
[jayneiltech.local/wp-content/uploads/2025/07/01_nepal_pic1.jpg]
[jayneiltech.local/wp-content/uploads/2025/07/pharma_collage_header.jpg]
[jayneiltech.local/wp-content/uploads/elementor/css/post-246c5cd.css]
[jayneiltech.local/index88a0.html]
[jayneiltech.local/wp-content/uploads/2025/07/03_bewell_pic4-300x225.jpg]
[jayneiltech.local/wp-content/uploads/2025/07/06_biotech-1-300x225.jpg]
[jayneiltech.local/wp-json/oembed/1.0/embed4586.json]
[jayneiltech.local/wp-content/uploads/2025/07/01_pant1.jpg]
[jayneiltech.local/wp-json/oembed/1.0/embed2d62]
[jayneiltech.local/wp-content/uploads/2025/07/02_project_ayush.jpg]
[jayneiltech.local/wp-content/uploads/2025/07/04_masat_pic1.jpg]
[jayneiltech.local/wp-content/uploads/2025/07/06_baid_pic2.jpg]
[jayneiltech.local/projects-ayush/index.html]
[jayneiltech.local/index52e8.html]
[jayneiltech.local/wp-content/uploads/2025/07/04_deys.jpg]
[jayneiltech.local/wp-content/uploads/2025/07/projects-lab-header.jpg]
[jayneiltech.local/wp-content/uploads/elementor/css/post-320901b.css]
[jayneiltech.local/indexe513.html]
[jayneiltech.local/wp-content/uploads/2025/07/03_ziskalab_pic1.jpg]
[jayneiltech.local/wp-content/uploads/elementor/css/post-333901b.css]
[jayneiltech.local/indexf604.html]
[jayneiltech.local/wp-content/uploads/2025/07/03_navana.jpg]
[jayneiltech.local/wp-content/uploads/2025/07/other-projects-collage.jpg]
[jayneiltech.local/wp-content/uploads/elementor/css/post-340f56f.css]
[jayneiltech.local/index80a3.html]
[jayneiltech.local/wp-content/uploads/2025/07/04_NEC.jpg]
[jayneiltech.local/wp-json/oembed/1.0/embedad40]
[jayneiltech.local/wp-includes/js/jquery/ui/core.minb37e.js]
[jayneiltech.local/OPR/index.html]
[jayneiltech.local/wp-content/plugins/elementor/assets/images/placeholder.png]
[jayneiltech.local/wp-content/uploads/elementor/google-fonts/fonts/roboto-kfo7cnqeu92fr1me7ksn66agldtyluamawcubgee.woff2]
[jayneiltech.local/wp-content/uploads/elementor/google-fonts/fonts/robotoslab-bngmuxzytxpivibgjjsb6ufn5qu.woff2]
[jayneiltech.local/index3f3a.html]
[jayneiltech.local/wp-content/uploads/2025/07/dsgupta2.jpg]
[jayneiltech.local/wp-content/uploads/2025/07/Our_clients_header1-copy5.jpg]
[jayneiltech.local/wp-content/uploads/2025/07/pant6.jpg]
[jayneiltech.local/wp-content/uploads/2025/07/04_emceepic1.jpg]
[jayneiltech.local/jayneil-bulletins/l.html]
[jayneiltech.local/jayneil-bulletins/e.html]
[jayneiltech.local/jayneil-bulletins/t.params.html]
[jayneiltech.local/wp-json/oembed/1.0/embedb351]
[jayneiltech.local/wp-content/uploads/2025/07/07_sample_pi.jpg]
[jayneiltech.local/wp-content/uploads/elementor/css/post-213e1b9.css]
[jayneiltech.local/wp-content/uploads/2025/07/03_Sample_SOP.jpg]
[jayneiltech.local/wp-content/uploads/2025/07/02_100_0717.jpg]
[jayneiltech.local/wp-content/uploads/2025/07/03_nepal_pic3.jpg]
[jayneiltech.local/wp-content/uploads/2025/07/05_ghl-300x225.jpg]
[jayneiltech.local/wp-content/uploads/elementor/css/post-290f56f.css]
[jayneiltech.local/index5b31.html]
[jayneiltech.local/wp-json/wp/v2/pages/290]
[jayneiltech.local/wp-content/uploads/2025/07/05_vapi_pic1.jpg]
[jayneiltech.local/wp-content/uploads/elementor/css/post-30266b3.css]
[jayneiltech.local/wp-includes/js/jquery/ui/core.minb37e.js]
[jayneiltech.local/wp-content/uploads/elementor/google-fonts/fonts/robotoslab-bngmuxzytxpivibgjjsb6ufa5qw54a.woff2]
[jayneiltech.local/wp-content/uploads/2025/07/cord5.jpg]
[jayneiltech.local/wp-content/uploads/2025/07/04_Picture4_vapi1.jpg]
[jayneiltech.local/wp-json/oembed/1.0/embed4c0b]
[jayneiltech.local/wp-json/oembed/1.0/embed3d47]
[jayneiltech.local/wp-content/uploads/elementor/css/post-701fb9.css]
[jayneiltech.local/wp-content/uploads/elementor/css/post-290f56f.css]
[jayneiltech.local/wp-content/uploads/2025/07/03_kudos_pic1.jpg]
[jayneiltech.local/wp-content/uploads/elementor/css/post-30266b3.css]
[jayneiltech.local/wp-content/uploads/2025/07/api-projects-collage.jpg]
[jayneiltech.local/wp-content/uploads/2025/07/associate_header_new.jpg]
[jayneiltech.local/wp-content/uploads/elementor/css/post-701fb9.css]
[jayneiltech.local/wp-content/uploads/2025/07/project-ayush-collage.jpg]
[jayneiltech.local/wp-content/uploads/2025/07/cosmetics-collage-header.jpg]
